Membeli: Ayam
Membeli: Ayam
Membeli: Ayam
Membeli: Nasi
Membeli: Nasi
Membeli: Nasi
Membeli: Kopi
Membeli: Roti
Membeli: Nasi
Membeli: Nasi
Membeli: Teh
Membeli: Roti
Membeli: Kopi
Membeli: Kopi
Membeli: Ayam
Membeli: Roti
Membeli: Kopi
Membeli: Roti
Membeli: Ayam
Membeli: Kopi
Membeli: Kopi
Membeli: Ayam
Membeli: Roti
Membeli: Roti
Membeli: Nasi
Membeli: Teh
Membeli: Kopi
Membeli: Roti
Membeli: Teh
Membeli: Kopi
Membeli: Nasi
Membeli: Kopi
Membeli: Teh
Membeli: Nasi
Membeli: Teh
Membeli: Kopi
Membeli: Teh
Membeli: Kopi
Membeli: Ayam
Membeli: Kopi
Membeli: Teh
Membeli: Kopi
Membeli: Nasi
Membeli: Ayam
Membeli: Roti
Membeli: Teh
Membeli: Ayam
Membeli: Ayam
Membeli: Roti
Membeli: Teh
Membeli: Roti
Membeli: Ayam
Membeli: Ayam
Membeli: Kopi
Membeli: Teh
Membeli: Nasi
Membeli: Ayam
Membeli: Teh
Membeli: Roti
Membeli: Teh
Membeli: Kopi
Membeli: Ayam
Membeli: Nasi
Membeli: Kopi
Membeli: Teh
Membeli: Nasi
Membeli: Teh
Membeli: Teh
Membeli: Kopi
Membeli: Roti
Membeli: Teh
